Arguments: 
  /usr/local/bin/node /usr/local/Cellar/yarn/1.22.19/libexec/bin/yarn.js run dev

PATH: 
  /Users/fidacura/r3-seach/tools/bin/:/Users/fidacura/golang/bin:/usr/local/opt/go/libexec/bin:/usr/local/Cellar/node/12.8.1/lib/node_modules/@vue/cli/bin/vue.js:/Users/filipe/Library/Preferences/netlify/helper/bin:/usr/local/bin:/usr/bin:/bin:/usr/sbin:/sbin:/usr/local/MacGPG2/bin:/Users/filipe/npm-global/bin

Yarn version: 
  1.22.19

Node version: 
  14.19.2

Platform: 
  darwin x64

Trace: 
  SyntaxError: /Users/fidacura/react/package.json: Unexpected token / in JSON at position 70
      at JSON.parse (<anonymous>)
      at /usr/local/Cellar/yarn/1.22.19/libexec/lib/cli.js:1629:59
      at Generator.next (<anonymous>)
      at step (/usr/local/Cellar/yarn/1.22.19/libexec/lib/cli.js:310:30)
      at /usr/local/Cellar/yarn/1.22.19/libexec/lib/cli.js:321:13

npm manifest: 
  {
    "name": "react9000",
    "version": "1.0.0",
    "description": "",
    // "main": "index.js",
    "scripts": {
      "dev": "parcel src/index.html",
      "format": "prettier --write \"src/**/*.{js,jsx}\"",
      "format:check": "prettier --check \"src/**/*.{js,jsx}\"",
      "lint": "eslint \"src/**/*.{js,jsx}\" --quiet"
    },
    "keywords": [],
    "author": "",
    "license": "ISC",
    "devDependencies": {
      "eslint": "^8.19.0",
      "eslint-config-prettier": "^8.5.0",
      "eslint-plugin-import": "^2.25.4",
      "eslint-plugin-jsx-a11y": "^6.5.1",
      "eslint-plugin-react": "^7.28.0",
      "eslint-plugin-react-hooks": "^4.3.0",
      "parcel": "^2.6.2",
      "prettier": "^2.7.1",
      "process": "^0.11.10"
    },
    "dependencies": {
      "react": "^17.0.2",
      "react-dom": "^17.0.2"
    },
    "browserslist": []
  }

yarn manifest: 
  No manifest

Lockfile: 
  No lockfile
